C51 COMPILER V8.02   MAIN                                                                  01/18/2013 14:46:02 PAGE 1   


C51 COMPILER V8.02, COMPILATION OF MODULE MAIN
OBJECT MODULE PLACED IN ..\Out\main.obj
COMPILER INVOKED BY: D:\Keil\C51\BIN\C51.EXE ..\Source\main.c BROWSE DEBUG OBJECTEXTEND PRINT(.\main.lst) OBJECT(..\Out\
                    -main.obj)

line level    source

   1          /*******************************************************
   2          
   3          程序功能：步进电机驱动
   4          
   5          开发环境：Keil3
   6          
   7          硬件环境：CEPARK多功能开发学习板/实验箱（2013版），STC12C5A60S2，11.092M晶振
   8                                                                                                                                                                                                     
   9          接线说明：当步进电机使用JP30接口时，单片机P00~P03口与底板JP23相连，分别为：P00-IN1,P01-IN2,P02-IN3，P03-IN
             -4
  10                    当步进电机使用JP34接口时，单片机P00~P03口与底板JP32相连，分别为：P00-IN1,P01-IN2,P02-IN3，P03-IN
             -4
  11          
  12          跳线说明：无
  13          
  14          实验现象：步进电机正反转各两周
  15                    
  16                                                                                   
  17          论坛支持：http://bbs.cepark.com
  18          
  19          淘宝店铺：http://cepark.taobao.com
  20          
  21          作者：cepark 
  22          
  23          时间：2013-01-18
  24          
  25          *******************************************************/
  26          #include <reg52.h>
  27          
  28          
  29          
  30          sbit A1=P0^0; //定义步进电机连接端口
  31          sbit B1=P0^1;
  32          sbit C1=P0^2;
  33          sbit D1=P0^3;
  34          
  35          
  36          #define Coil_A1 {A1=1;B1=0;C1=0;D1=0;}//A相通电，其他相断电
  37          #define Coil_B1 {A1=0;B1=1;C1=0;D1=0;}//B相通电，其他相断电
  38          #define Coil_C1 {A1=0;B1=0;C1=1;D1=0;}//C相通电，其他相断电
  39          #define Coil_D1 {A1=0;B1=0;C1=0;D1=1;}//D相通电，其他相断电
  40          #define Coil_AB1 {A1=1;B1=1;C1=0;D1=0;}//AB相通电，其他相断电
  41          #define Coil_BC1 {A1=0;B1=1;C1=1;D1=0;}//BC相通电，其他相断电
  42          #define Coil_CD1 {A1=0;B1=0;C1=1;D1=1;}//CD相通电，其他相断电
  43          #define Coil_DA1 {A1=1;B1=0;C1=0;D1=1;}//D相通电，其他相断电
  44          #define Coil_OFF {A1=0;B1=0;C1=0;D1=0;}//全部断电
  45          
  46          unsigned char Speed;
  47          /*------------------------------------------------
  48           uS延时函数，含有输入参数 unsigned char t，无返回值
  49           unsigned char 是定义无符号字符变量，其值的范围是
  50           0~255 这里使用晶振12M，精确延时请使用汇编,大致延时
  51           长度如下 T=tx2+5 uS 
  52          ------------------------------------------------*/
C51 COMPILER V8.02   MAIN                                                                  01/18/2013 14:46:02 PAGE 2   

  53          void DelayUs2x(unsigned char t)
  54          {   
  55   1       while(--t);
  56   1      }
  57          /*------------------------------------------------
  58           mS延时函数，含有输入参数 unsigned char t，无返回值
  59           unsigned char 是定义无符号字符变量，其值的范围是
  60           0~255 这里使用晶振12M，精确延时请使用汇编
  61          ------------------------------------------------*/
  62          void DelayMs(unsigned char t)
  63          {
  64   1           
  65   1       while(t--)
  66   1       {
  67   2           //大致延时1mS
  68   2           DelayUs2x(245);
  69   2               DelayUs2x(245);
  70   2       }
  71   1      }
  72          /*------------------------------------------------
  73                              主函数
  74          ------------------------------------------------*/
  75          main()
  76          {
  77   1       unsigned int i=512;//正向旋转2周
  78   1       Speed=60;
  79   1       Coil_OFF
  80   1       while(i--)  //正向
  81   1        {         
  82   2           Coil_A1                //遇到Coil_A1  用{A1=1;B1=0;C1=0;D1=0;}代替
  83   2           DelayMs(Speed);         //改变这个参数可以调整电机转速 ,
  84   2                                   //数字越小，转速越大,力矩越小
  85   2           Coil_B1
  86   2           DelayMs(Speed);
  87   2           Coil_C1
  88   2           DelayMs(Speed);
  89   2           Coil_D1
  90   2           DelayMs(Speed);
  91   2        }
  92   1        Coil_OFF
  93   1        i=512;
  94   1        while(i--)//反向旋转2周
  95   1        {
  96   2           Coil_D1                //遇到Coil_A1  用{A1=1;B1=0;C1=0;D1=0;}代替
  97   2           DelayMs(Speed);         //改变这个参数可以调整电机转速 ,
  98   2                                       //数字越小，转速越大,力矩越小
  99   2           Coil_C1
 100   2           DelayMs(Speed);
 101   2           Coil_B1
 102   2           DelayMs(Speed);
 103   2           Coil_A1
 104   2           DelayMs(Speed);
 105   2        }
 106   1      }


MODULE INFORMATION:   STATIC OVERLAYABLE
   CODE SIZE        =    153    ----
   CONSTANT SIZE    =   ----    ----
   XDATA SIZE       =   ----    ----
   PDATA SIZE       =   ----    ----
   DATA SIZE        =      1    ----
C51 COMPILER V8.02   MAIN                                                                  01/18/2013 14:46:02 PAGE 3   

   IDATA SIZE       =   ----    ----
   BIT SIZE         =   ----    ----
END OF MODULE INFORMATION.


C51 COMPILATION COMPLETE.  0 WARNING(S),  0 ERROR(S)
