C51 COMPILER V8.02   MAIN                                                                  01/24/2013 15:30:18 PAGE 1   


C51 COMPILER V8.02, COMPILATION OF MODULE MAIN
OBJECT MODULE PLACED IN ..\Out\main.obj
COMPILER INVOKED BY: D:\Keil\C51\BIN\C51.EXE ..\Source\main.c BROWSE DEBUG OBJECTEXTEND PRINT(.\main.lst) OBJECT(..\Out\
                    -main.obj)

line level    source

   1          /*******************************************************
   2          
   3          
   4          程序功能：DS18B20温度传感器测试
   5          
   6          开发环境：Keil3
   7          
   8          硬件环境：CEPARK多功能开发学习板/实验箱（2013版），STC12C5A60S2，11.092M晶振
   9                                                                                                                                                                                                     
  10          接线说明：单片机P10~P14口与底板JP51相连，分别为：P10-DIN,P11-SCK,P12-DC，P13-RES，P14-CS.
  11                    单片机P00与底板JP35相连。
  12          
  13          跳线说明：J70
  14          
  15          实验现象：数码管前四位显示当前温度值
  16                    
  17                                                                                   
  18          论坛支持：http://bbs.cepark.com
  19          
  20          淘宝店铺：http://cepark.taobao.com
  21          
  22          作者：cepark 
  23          
  24          时间：2013-01-06
  25          
  26          
  27          *******************************************************/
  28          
  29          #include "STC12C5A60S2.h"
  30          #include "intrins.h"
  31          
  32          sbit DQ = P0^0; //温度传感器引脚
  33          
  34          unsigned char Array_Point[]={0,1,1,2,3,3,4,4,5,6,6,7,8,8,9,9};//小数查表
  35          
  36          
  37          void Delay_us(unsigned int uiUs);       //us延时函数,12MHZ晶振有效
  38          void Delay_ms(unsigned int uiMs);       //ms延时函数,12MHZ晶振有效
  39          
  40          void DisplayOneCharOnAddr(unsigned char Data,unsigned char Addr); //在指定的位置上显示一个数字
  41          void DS18B20_Init(void);   //DS18B20初始化
  42          unsigned char DS18B20_ReadOneChar(void);   //读取一个数据
  43          void DS18B20_WriteOneChar(unsigned char dat);     //写入一个数据
  44          unsigned int DS18B20_ReadTemperature(void);               //读取温度
  45          
  46          sbit SEG_DS = P2^0;             //74HC595芯片的数据引脚
  47          sbit SEG_SHCP = P2^1;   //74HC595芯片的控制引脚，上升沿移入数据
  48          sbit SEG_STCP = P2^2;   //74HC595芯片的控制引脚，上升沿更新数据
  49          
  50          unsigned char code Seg_Data[]={  //共阳数码管的编码，并将数据定义在CODE区
  51                                                                  0xC0,/*0*/
  52                                                          0xF9,/*1*/
  53                                                          0xA4,/*2*/
  54                                                          0xB0,/*3*/
C51 COMPILER V8.02   MAIN                                                                  01/24/2013 15:30:18 PAGE 2   

  55                                                          0x99,/*4*/
  56                                                          0x92,/*5*/
  57                                                          0x82,/*6*/
  58                                                          0xF8,/*7*/
  59                                                          0x80,/*8*/
  60                                                          0x90,/*9*/
  61                                                          0x88,/*A*/
  62                                                          0x83,/*b*/
  63                                                          0xC6,/*C*/
  64                                                          0xA1,/*d*/
  65                                                          0x86,/*E*/
  66                                                          0x8E,/*F*/
  67                                                                  };
  68          unsigned char code Seg_Addr[]={
  69                                                                  0x01,
  70                                                                  0x02,
  71                                                                  0x04,
  72                                                                  0x08,
  73                                                                  0x10,
  74                                                                  0x20,
  75                                                                  0x40,
  76                                                                  0x80,
  77                                                                  0xFF,//ALL ON
  78                                                                  0x00 //OFF
  79                                                                  };
  80          void SEG_Send595OneByte(unsigned char ucData);   //向74HC595写入一个8位的数据
  81          
  82          /********************************************************************
  83          * 函数名称: main
  84          * 功能描述: main函数，程序入口
  85          * 输入参数: 无
  86          * 返回参数: 无
  87          **********************************************************************/
  88          void main(void)
  89          {
  90   1              while(1)
  91   1              {       
  92   2                      DisplayOneCharOnAddr((DS18B20_ReadTemperature() >> 4)/100,1);
  93   2                      DisplayOneCharOnAddr((DS18B20_ReadTemperature() >> 4)/10,2);
  94   2                      DisplayOneCharOnAddr((DS18B20_ReadTemperature() >> 4)%10,3);
  95   2                      DisplayOneCharOnAddr(Array_Point[DS18B20_ReadTemperature() & 0x000F],4); 
  96   2              }
  97   1      }
  98          
  99          void SEG_Send595OneByte(unsigned char ucData)
 100          {
 101   1              unsigned char i;
 102   1              
 103   1              for(i = 0;i < 8;i++)     //8位数据依次写入，先写最低位
 104   1              {
 105   2                      SEG_DS = (ucData & 0x80);       //先读入高位   x&0x80;
 106   2                      SEG_SHCP = 0;
 107   2                      SEG_SHCP = 1;
 108   2                      SEG_SHCP = 0;      //SHCP引脚的上升沿移入数据
 109   2                      ucData <<=1;       //数据左移
 110   2              }
 111   1                       
 112   1      }
 113          
 114          void DS18B20_Init(void)
 115          {
 116   1              unsigned char x=0;
C51 COMPILER V8.02   MAIN                                                                  01/24/2013 15:30:18 PAGE 3   

 117   1              DQ = 1;    //DQ复位
 118   1              Delay_us(10);
 119   1              //Delay(8);  //稍做延时,10us
 120   1              DQ = 0;    //单片机将DQ拉低
 121   1              Delay_us(500);
 122   1              //Delay(80); //精确延时 大于 480us ,498us
 123   1              DQ = 1;    //拉高总线
 124   1              Delay_us(154);
 125   1              //Delay(14);    //154us
 126   1              x=DQ;      //稍做延时后 如果x=0则初始化成功 x=1则初始化失败
 127   1              Delay_us(212);
 128   1              //Delay(20); //212us
 129   1      }
 130          
 131          
 132          
 133          unsigned char DS18B20_ReadOneChar(void)
 134          {
 135   1              unsigned char i=0;
 136   1              unsigned char dat = 0;
 137   1              for (i=8;i>0;i--)
 138   1              {
 139   2                      DQ = 0; // 给脉冲信号
 140   2                      dat>>=1;
 141   2                      DQ = 1; // 给脉冲信号
 142   2                      if(DQ)
 143   2                      dat|=0x80;
 144   2                      Delay_us(56);
 145   2                      //Delay(4); //56us
 146   2              }
 147   1              return(dat);
 148   1      }
 149          
 150          
 151          
 152          void DS18B20_WriteOneChar(unsigned char dat)
 153          {
 154   1              unsigned char i=0;
 155   1              for (i=8; i>0; i--)
 156   1              {
 157   2                      DQ = 0;
 158   2                      DQ = dat&0x01;
 159   2                      Delay_us(66);
 160   2                      //Delay(5); //66us
 161   2                      DQ = 1;
 162   2                      dat>>=1;
 163   2              }
 164   1      }
 165          
 166          
 167          
 168          unsigned int DS18B20_ReadTemperature(void)
 169          {
 170   1              unsigned char a=0;
 171   1              unsigned char b=0;
 172   1              unsigned int t=0;
 173   1              DS18B20_Init();
 174   1              DS18B20_WriteOneChar(0xCC); // 跳过读序号列号的操作
 175   1              DS18B20_WriteOneChar(0x44); // 启动温度转换
 176   1              DS18B20_Init();
 177   1              DS18B20_WriteOneChar(0xCC); //跳过读序号列号的操作
 178   1              DS18B20_WriteOneChar(0xBE); //读取温度寄存器等（共可读9个寄存器） 前两个就是温度
C51 COMPILER V8.02   MAIN                                                                  01/24/2013 15:30:18 PAGE 4   

 179   1              a=DS18B20_ReadOneChar();
 180   1              b=DS18B20_ReadOneChar();
 181   1              t=b;
 182   1              t<<=8;
 183   1              t=t|a;
 184   1              //t= t/2; //放大10倍输出并四舍五入---此行没用
 185   1              return(t);
 186   1      }
 187          
 188          
 189          void DisplayOneCharOnAddr(unsigned char Data,unsigned char Addr)
 190          {
 191   1                      if(Addr ==3)
 192   1                      {
 193   2                              SEG_Send595OneByte(Seg_Addr[Addr-1]);
 194   2                              SEG_Send595OneByte(Seg_Data[Data]& 0x7F);
 195   2                              
 196   2                      }
 197   1                      else
 198   1                      {
 199   2                      SEG_Send595OneByte(Seg_Addr[Addr-1]);  //显示在哪一个数码管上
 200   2                      SEG_Send595OneByte( Seg_Data[Data]);  //显示的数据
 201   2                      }
 202   1                      SEG_STCP = 0;
 203   1                      SEG_STCP = 1;            //STCP引脚的上升沿更新数据
 204   1                      SEG_STCP = 0;
 205   1              
 206   1      }
 207          
 208          
 209          void Delay_us(unsigned int uiUs)        //us延时函数
 210          {
 211   1              for(;uiUs > 0;uiUs--)
 212   1              {
 213   2                      _nop_();
 214   2              }       
 215   1      }
 216          
 217          
 218          
 219          void Delay_ms(unsigned int uiMs)        //ms延时函数
 220          {
 221   1              unsigned int i;
 222   1              for(;uiMs > 0;uiMs--)
 223   1              {
 224   2                      for(i = 1498;i > 0;i--);
 225   2              }
 226   1      }
 227          
 228          


MODULE INFORMATION:   STATIC OVERLAYABLE
   CODE SIZE        =    389    ----
   CONSTANT SIZE    =     26    ----
   XDATA SIZE       =   ----    ----
   PDATA SIZE       =   ----    ----
   DATA SIZE        =     16       5
   IDATA SIZE       =   ----    ----
   BIT SIZE         =   ----    ----
END OF MODULE INFORMATION.


C51 COMPILATION COMPLETE.  0 WARNING(S),  0 ERROR(S)
