C51 COMPILER V9.60.0.0   MAIN                                                              11/28/2019 16:06:59 PAGE 1   


C51 COMPILER V9.60.0.0, COMPILATION OF MODULE MAIN
NO OBJECT MODULE REQUESTED
COMPILER INVOKED BY: C:\Keil_v5\C51\BIN\C51.EXE main.c OPTIMIZE(8,SPEED) BROWSE DEBUG OBJECTEXTEND PRINT(.\Listings\main
                    -.lst) SRC(.\Objects\main.SRC)

line level    source

   1          #include <reg51.h>
   2          
   3          
   4          int main(){
   5   1              while(1){
   6   2                      P1 = 0;
   7   2              }
   8   1              return 0;
   9   1      }
*** WARNING C294 IN LINE 8 OF main.c: unreachable code


MODULE INFORMATION:   STATIC OVERLAYABLE
   CODE SIZE        =      5    ----
   CONSTANT SIZE    =   ----    ----
   XDATA SIZE       =   ----    ----
   PDATA SIZE       =   ----    ----
   DATA SIZE        =   ----    ----
   IDATA SIZE       =   ----    ----
   BIT SIZE         =   ----    ----
END OF MODULE INFORMATION.


C51 COMPILATION COMPLETE.  1 WARNING(S),  0 ERROR(S)
