C51 COMPILER V9.60.0.0   LCD                                                               12/16/2019 12:36:16 PAGE 1   


C51 COMPILER V9.60.0.0, COMPILATION OF MODULE LCD
NO OBJECT MODULE REQUESTED
COMPILER INVOKED BY: C:\Keil_v5\C51\BIN\C51.EXE lcd.c OPTIMIZE(8,SPEED) BROWSE DEBUG OBJECTEXTEND PRINT(.\Listings\lcd.l
                    -st) SRC(.\Objects\lcd.SRC)

line level    source

   1          #include <reg51.h>
   2          #include "math.h"
   3          #define test
   4          
   5          #define DATA_PORT (P0)
   6          #define OUT_PORT (P1)
   7          
   8          #define OPEN_SHOW_WORD (0x3F)
   9          #define CLOSE_SHOW_WORD (0x3E)
  10          
  11          typedef unsigned int uint;
  12          typedef unsigned char uchar;
  13          
  14          sbit CS1 = P2 ^ 0;
  15          sbit CS2 = P2 ^ 1;
  16          sbit RW = P2 ^ 2;
  17          sbit RS = P2 ^ 3;
  18          sbit E = P2 ^ 4;
  19          
  20          sbit LED1 = P2 ^ 5;
  21          sbit LED2 = P2 ^ 6;
  22          sbit LED3 = P2 ^ 7;
  23          //程序延时，用于LCD读写数据,以及初始化
  24          void delay_us(uint t)                                                   //us级延时程序
  25          {
  26   1              for( ;t>0;t--);                                                         
  27   1      }
  28          
  29          uchar code num[][16]=           //????:??12,?x?=8x16,????,????, ??
  30          {
  31                  0xFF,0x1F,0xEF,0xF7,0xF7,0xEF,0x1F,0xFF,0xFF,0xF0,0xEF,0xDF,0xDF,0xEF,0xF0,0xFF,//0,0
  32                  0xFF,0xEF,0xEF,0x07,0xFF,0xFF,0xFF,0xFF,0xFF,0xDF,0xDF,0xC0,0xDF,0xDF,0xFF,0xFF,//1,1
  33                  0xFF,0x8F,0xF7,0xF7,0xF7,0x77,0x8F,0xFF,0xFF,0xCF,0xD7,0xDB,0xDD,0xDE,0xCF,0xFF,//2,2
  34                  0xFF,0xCF,0xF7,0x77,0x77,0xB7,0xCF,0xFF,0xFF,0xE7,0xDF,0xDF,0xDF,0xEE,0xF1,0xFF,//3,3
  35                  0xFF,0xFF,0x3F,0xDF,0xEF,0x07,0xFF,0xFF,0xFF,0xF8,0xFB,0xDB,0xDB,0xC0,0xDB,0xFF,//4,4
  36                  0xFF,0x07,0xF7,0x77,0x77,0xF7,0xF7,0xFF,0xFF,0xE6,0xDE,0xDF,0xDF,0xEE,0xF1,0xFF,//5,5
  37                  0xFF,0x1F,0xEF,0x77,0x77,0xE7,0xFF,0xFF,0xFF,0xF0,0xEE,0xDF,0xDF,0xEE,0xF1,0xFF,//6,6
  38                  0xFF,0xC7,0xF7,0xF7,0x37,0xC7,0xF7,0xFF,0xFF,0xFF,0xFF,0xC0,0xFF,0xFF,0xFF,0xFF,//7,7
  39                  0xFF,0x8F,0x77,0xF7,0xF7,0x77,0x8F,0xFF,0xFF,0xE3,0xDD,0xDE,0xDE,0xDD,0xE3,0xFF,//8,8
  40                  0xFF,0x1F,0xEF,0xF7,0xF7,0xEF,0x1F,0xFF,0xFF,0xFF,0xCE,0xDD,0xDD,0xEE,0xF0,0xFF,//9,9
  41                  0xFF,0xFF,0xFF,0xFF,0xFF,0xFF,0xFF,0xFF,0xFF,0xFF,0xFF,0xFF,0xFF,0xFF,0xFF,0xFF,//?10
  42                  0xFF,0xFF,0xFF,0xFF,0xFF,0xFF,0xFF,0xFF,0xFF,0xFE,0xFE,0xFE,0xFE,0xFE,0xFE,0xFE,//-,11
  43                  0xFF,0xFF,0xFF,0x3F,0x3F,0xFF,0xFF,0xFF,0xFF,0xFF,0xFF,0xCF,0xCF,0xFF,0xFF,0xFF,//:,12
  44                  /*--  瀛:  1  --*/
  45                  /*--  瀹浣12;  姝ゅ浣涓瀵瑰归典负锛瀹x楂?8x16   --*/
  46                  0x00,0x00,0x10,0x10,0xF8,0x00,0x00,0x00,0x00,0x00,0x20,0x20,0x3F,0x20,0x20,0x00,//13
  47                  /*--  瀛:  2  --*/
  48                  /*--  瀹浣12;  姝ゅ浣涓瀵瑰归典负锛瀹x楂?8x16   --*/
  49                  0x00,0x70,0x08,0x08,0x08,0x08,0xF0,0x00,0x00,0x30,0x28,0x24,0x22,0x21,0x30,0x00,//14
  50          
  51                  /*--  瀛:  3  --*/
  52                  /*--  瀹浣12;  姝ゅ浣涓瀵瑰归典负锛瀹x楂?8x16   --*/
  53                  0x00,0x30,0x08,0x08,0x08,0x88,0x70,0x00,0x00,0x18,0x20,0x21,0x21,0x22,0x1C,0x00,//15
  54          
C51 COMPILER V9.60.0.0   LCD                                                               12/16/2019 12:36:16 PAGE 2   

  55                  /*--  瀛:  4  --*/
  56                  /*--  瀹浣12;  姝ゅ浣涓瀵瑰归典负锛瀹x楂?8x16   --*/
  57                  0x00,0x00,0x80,0x40,0x30,0xF8,0x00,0x00,0x00,0x06,0x05,0x24,0x24,0x3F,0x24,0x24,//16
  58          
  59                  /*--  瀛:  5  --*/
  60                  /*--  瀹浣12;  姝ゅ浣涓瀵瑰归典负锛瀹x楂?8x16   --*/
  61                  0x00,0xF8,0x88,0x88,0x88,0x08,0x08,0x00,0x00,0x19,0x20,0x20,0x20,0x11,0x0E,0x00,//17
  62          };
  63          
  64          //状态检查，LCD是否忙
  65          void check_busy()               
  66          {
  67   1              uchar dat;                                                                      //状态信息（判断是否忙）
  68   1              RS=0;                                                           //选择指令寄存器 
  69   1              RW=1;                                                           //选择读取方式 
  70   1              do                                                                              //按以下操作
  71   1              {
  72   2                      DATA_PORT=0x00;                                                 //数据总线置0
  73   2                      E=1;                                                    //使能读出,状态值送总线
  74   2                      delay_us(2);                                                    //延时,等待数据稳定
  75   2                      dat=DATA_PORT;                                                  //读取总线并赋予变量
  76   2                      E=0;                                                    //停止读取
  77   2                      dat=0x80 & dat;                                                 //仅当第7位为0时才可操作(判别busy信号)
  78   2              }
  79   1              while(!(dat==0x00));                                            //若busy不为0,则循环;为0则结束
  80   1      }
  81          
  82          //写命令cmdcode到LCD程序
  83          void write_com(uchar cmdcode)
  84          {
  85   1              check_busy();                                                           //检测LCD是否忙
  86   1              RS=0;                                                           //选择指令寄存器
  87   1              RW=0;                                                           //选择写入方式
  88   1              P0=cmdcode;                                                             //指令送总线
  89   1              delay_us(2);                                                            //延时,待指令数据稳定
  90   1              E=1;                                                            //使能写入
  91   1              delay_us(2);                                                            //延时以确保写入完整
  92   1              E=0;                                                            //停止写入
  93   1      }
  94          
  95          //写数据到LCD程序
  96          void write_DATA_PORT(uchar lcdDATA_PORT)
  97          {
  98   1              check_busy();                                                           //检测LCD是否忙
  99   1              RS=1;                                                           //选择数据寄存器
 100   1              RW=0;                                                           //选择写入方式
 101   1              P0=lcdDATA_PORT;                                                                //数据送总线
 102   1              delay_us(2);                                                            //延时,待数据稳定
 103   1              E=1;                                                            //使能写入
 104   1              delay_us(2);                                                            //延时,确保写入完整
 105   1              E=0;                                                            //停止写入
 106   1      }
 107          
 108          //从LCD读数据
 109          uchar read_DATA_PORT()
 110          {
 111   1              uchar lcdat;                                                            //定义读数变量
 112   1              check_busy();                                                           //检测LCD是否忙
 113   1              RS=1;                                                           //选择数据寄存器
 114   1              RW=1;                                                           //选择读取方式
 115   1              E=0;                                                            //准备读
 116   1              E=1;                                                            //使能输出
C51 COMPILER V9.60.0.0   LCD                                                               12/16/2019 12:36:16 PAGE 3   

 117   1              delay_us(2);                                                            //延时,待数据稳定
 118   1              lcdat=DATA_PORT;                                                                //读取端口值
 119   1              delay_us(2);                                                            //延时,确保读完整
 120   1              E=0;                                                            //停止Y读取
 121   1              return lcdat;                                                           //返回数据值
 122   1      }
 123          
 124          //左右屏选择,
 125          void select_scr(uchar ss)
 126          {
 127   1              switch(ss)                                                              //依据选屏参数判断
 128   1              {
 129   2                      case 0: CS1=0;CS2=0;break;              //选中全屏操作
 130   2                      case 1: CS1=0;CS2=1;break;              //选中左屏操作
 131   2                      case 2: CS1=1;CS2=0;break;              //选中右屏操作
 132   2                      case 3: CS1=1;CS2=1;break;              //左右屏无操作
 133   2              }
 134   1      }
 135          
 136          //清除LCD内存程序,
 137          void Clr_Scr(uchar ss)                                                  //清理屏幕显示
 138          {
 139   1              uchar j,k;                                                                      //定义页，列变量
 140   1              select_scr(ss);                                                         //选择屏幕
 141   1              for(k=0;k<8;k++)                                                        //控制页数0-7，共8页
 142   1              {
 143   2                      write_com(0xb8+k);                                      //写入页地址
 144   2                      for(j=0;j<64;j++)                                               //控制列数0-63，列地址自动加1
 145   2                      {
 146   3                      write_com(0x40+j);                              //写入列地址
 147   3                              write_DATA_PORT(0x00);                                  //写入空白内容，
 148   3                      }
 149   2              }
 150   1      }
 151          
 152          //初始化LCD（不同的应用，初始化方法不同）
 153          void init_lcd(uchar ss)                                                 //LCD初始化程序
 154          {
 155   1              check_busy();                                                           //检测LCD是否忙
 156   1              select_scr(ss);                                                         //选择屏幕
 157   1              Clr_Scr(ss);                                                            //LCD清屏幕显示
 158   1              write_com(0x3e);                                                        //关显示
 159   1              write_com(0xb8+0);                                              //设置:起始页地址
 160   1              write_com(0xc0+0);                                              //设置:起始行地址
 161   1              write_com(0x40+0);                                              //设置:起始列地址
 162   1              write_com(0x3f);                                                        //开显示
 163   1      }
 164          
 165          //显示操作：
 166          
 167          //指定地址按行显示编码数组hzk[][32]中连续的1~4个汉字(16*16)                                                                             
 168          //参数: ss=0~2; page=0~7; col=0~63; hzk――hzk[][32]; n=1~4
 169          void hz_Disp16(uchar ss,uchar page,uchar column,uchar hzk[][32],uchar n)        
 170          {
 171   1              uchar k,p,c;                                                            //变量:汉字数,页,列
 172   1              select_scr(ss);                                                         //选择屏幕
 173   1              for(k=0;k<n;k++)                                                        //按汉字个数循环写入
 174   1              {
 175   2                      for(p=0;p<2;p++)                                                //每个字符占 2 页,所以写2次
 176   2                      {
 177   3                              write_com(0xb8+page+p);                 //写入显示页地址(page,page+1)
 178   3                              write_com(0x40+column+16*k);            //写入显示列地址(起始列,0~16~32~48)
C51 COMPILER V9.60.0.0   LCD                                                               12/16/2019 12:36:16 PAGE 4   

 179   3                              for(c=0;c<16;c++)                                       //连续16次(上,下半字各16个编码)
 180   3                              write_DATA_PORT(hzk[k][16*p+c]);                        //每页写入16个字节的汉字编码数据
 181   3                      }
 182   2              }
 183   1      }
 184          
 185          //重复显示二维数组szk[][16]中相同字符1~8次
 186          void sz_Disp1(uchar ss,uchar page,uchar column,uchar szk[][16],uchar n)
 187          {                                                                                       //参数: 屏,页、列、码、字符数
 188   1              uchar i=0,j=0,k=0;                                                      //变量: 页,列,字符数
 189   1              select_scr(ss);                                                         //选择屏幕
 190   1              for(k=0;k<n;k++)
 191   1              {
 192   2                      for(i=0;i<2;i++)                                                //每个字符占 2 页,所以写2次
 193   2                      {
 194   3                              write_com(0xb8+page+i);                 //写入显示页地址(pag,pag+1)
 195   3                              write_com(0x40+column+8*k);             //写入显示列地址(起始列)
 196   3                              for(j=0;j<8;j++)                                        //连续8次
 197   3                              write_DATA_PORT(szk[0][8*i+j]);                 //写入8个字节数据
 198   3                      }
 199   2              }
 200   1      }
 201          
 202          //半屏图像显示函数（带参数：屏,页,列,数据）
 203          void picture_disp12(uchar ss,uchar page,uchar column,uchar table[8][64])
 204          {
 205   1              uchar i,j;                                                                      //页,列变量
 206   1              select_scr(ss);                                                         //选择屏
 207   1              if(column>=64)                                                  //如果列地址大于等于64
 208   1              column=column-64;                                               //列首地址仍从0x40开始显示
 209   1          for(i=0;i<8;i++)                                                    //分8页写入
 210   1          {  
 211   2                      write_com(0xb8+page+i);                         //写页地址
 212   2              write_com(0x40+column);                         //写列地址
 213   2              for(j=0;j<64;j++)                                               //依次写入0~63列
 214   2              {
 215   3                 write_DATA_PORT(table[i][j]);                                //写图像数据
 216   3              }
 217   2          }
 218   1      }
 219          
 220          //绘图操作：
 221          
 222          //反白功能打点函数,任意指定坐标画点     color=1，黑；color=0，白
 223          void LCD_DrawDot(uchar x,uchar y,uchar color)//x水平坐标，y垂直坐标，color显示颜色 
 224          {       
 225   1              char dat[8],Byte[8];                                            //定义列字节数组
 226   1              uchar j;                                                                //循环变量
 227   1              for(j=0;j<8;j++) dat[j]=0x00;                           //数组元素赋初值 0x00
 228   1      
 229   1              if(x<64)                                                                        //列坐标小于64
 230   1              select_scr(1);                                                          //选择左半屏  
 231   1              else                                                                    //列坐标大于等于64
 232   1              {select_scr(2);x-=64;}                                          //选择右半屏,列坐标调整为0~63
 233   1              for(j=1;j<7;j++)                                                        //每屏8页(0~7),8个字节
 234   1              {
 235   2                      write_com(0xb8+j);                              //写页地址
 236   2                      write_com(0x40+x);                              //写列地址
 237   2                      read_DATA_PORT();                                                       //空读一次
 238   2                      Byte[j]=read_DATA_PORT();                                       //读出一字节数据
 239   2               
 240   2                      if(color)                                                               //如果要显示点
C51 COMPILER V9.60.0.0   LCD                                                               12/16/2019 12:36:16 PAGE 5   

 241   2                      {
 242   3                              dat[y>>3]|=0x01<<(y&0x07);              //y值所在页对应字节位置 1
 243   3                              Byte[j]|=dat[j];                                        //修正原读数("或"运算)
 244   3                      }                                       
 245   2                      else                                                            //如果要擦除点
 246   2                      {
 247   3                              dat[y>>3]&=~(0x01<<(y&0x07));           //y值所在页对应字节位置 0
 248   3                              Byte[j]&=dat[j];                                        //修正原读数("与"运算)
 249   3                      }
 250   2                      write_com(0x40+x);                              //重写列地址(因读数而改变)
 251   2                      write_DATA_PORT(Byte[j]);                                       //写入修正后的字节数据
 252   2              }
 253   1      }
 254          
 255          
 256          void dynamic_display()                                                  //动态显示（随时更新的数值）
 257          {
 258   1              sz_Disp1(2,0, 0,num[1],1);                      //右屏0页第 0列显示'年十位'
*** WARNING C182 IN LINE 258 OF lcd.c: pointer to different objects
 259   1              //sz_Disp1(2,0, 8,num[2],1);                    //右屏0页第 8列显示'年个位'
 260   1              //sz_Disp1(2,0,24,num[3],1);                    //右屏0页第24列显示'月十位'
 261   1              //sz_Disp1(2,0,32,num[4],1);                    //右屏0页第32列显示'月个位'
 262   1              //sz_Disp1(2,0,48,num[5],1);                    //右屏0页第48列显示'日十位'
 263   1              //sz_Disp1(2,0,56,num[6],1);                    //右屏0页第56列显示'日个位'
 264   1              /*                              
 265   1              sz_Disp1(2,4, 0,num[7],1);                      //右屏4页第 0列显示'时十位'
 266   1              sz_Disp1(2,4, 8,num[8],1);                      //右屏4页第 8列显示'时个位'
 267   1              sz_Disp1(2,4,24,num[9],1);                      //右屏4页第24列显示'分十位'
 268   1              sz_Disp1(2,4,32,num[1],1);                      //右屏4页第32列显示'分个位'
 269   1              sz_Disp1(2,4,48,num[2],1);                      //右屏4页第48列显示'秒十位'
 270   1              sz_Disp1(2,4,56,num[3],1);                      //右屏4页第56列显示'秒个位'
 271   1              */
 272   1      }
 273          void fixed_display()                                                    //固定显示(按显示屏幕、页,列,字码,字数定位)
 274          {
 275   1              sz_Disp1(1,0,16,num[11],1);                                     //左屏0页第16列显示'-'
*** WARNING C182 IN LINE 275 OF lcd.c: pointer to different objects
 276   1              sz_Disp1(1,0,40,num[11],1);                                     //左屏0页第40列显示'-'
*** WARNING C182 IN LINE 276 OF lcd.c: pointer to different objects
 277   1              //hz_Disp16(1,2,0,HZ[8],2);                                     //左屏2页第0列显示"星期"
 278   1              sz_Disp1(1,2,32,num[10],2);                                     //左屏2页第32列填充黑块"■" 2个
*** WARNING C182 IN LINE 278 OF lcd.c: pointer to different objects
 279   1              sz_Disp1(1,4,16,num[12],1);                                     //左屏4页第16列显示':'
*** WARNING C182 IN LINE 279 OF lcd.c: pointer to different objects
 280   1              sz_Disp1(1,4,40,num[12],1);                                     //左屏4页第40列显示':'
*** WARNING C182 IN LINE 280 OF lcd.c: pointer to different objects
 281   1              //hz_Disp16(1,6,0,HZ[10],2);                                    //左屏6页第0列显示"气温"
 282   1              //hz_Disp16(1,6,48,HZ[0],1);                                    //左屏6页第48列显示"℃"
 283   1              
 284   1              //hz_Disp16(2,0,0,HZ[18],4);                                    //左屏第一行时间提醒
 285   1              //hz_Disp16(2,0,0,HZ[20],2);                                    //提醒1
 286   1              sz_Disp1(2,0,34,num[13],1);
*** WARNING C182 IN LINE 286 OF lcd.c: pointer to different objects
 287   1              //hz_Disp16(2,2,0,HZ[20],2);                                    //提醒2
 288   1              sz_Disp1(2,2,34,num[14],1);
*** WARNING C182 IN LINE 288 OF lcd.c: pointer to different objects
 289   1              //hz_Disp16(2,4,0,HZ[20],2);                                    //提醒3
 290   1              sz_Disp1(2,4,34,num[15],1);
*** WARNING C182 IN LINE 290 OF lcd.c: pointer to different objects
 291   1      }
 292          void main(void){
 293   1              init_lcd(0);
C51 COMPILER V9.60.0.0   LCD                                                               12/16/2019 12:36:16 PAGE 6   

 294   1              wait_busy();
*** WARNING C206 IN LINE 294 OF lcd.c: 'wait_busy': missing function-prototype
 295   1                      //dynamic_display();
 296   1                      
 297   1              while(1){               
 298   2                      fixed_display();
 299   2              }
 300   1              return;
 301   1      }


MODULE INFORMATION:   STATIC OVERLAYABLE
   CODE SIZE        =   1010    ----
   CONSTANT SIZE    =    288    ----
   XDATA SIZE       =   ----    ----
   PDATA SIZE       =   ----    ----
   DATA SIZE        =   ----      46
   IDATA SIZE       =   ----    ----
   BIT SIZE         =   ----    ----
END OF MODULE INFORMATION.


C51 COMPILATION COMPLETE.  10 WARNING(S),  0 ERROR(S)
